<?xml version="1.0" encoding="UTF-8"?>
<testng-results ignored="0" total="1" passed="1" failed="0" skipped="0">
  <reporter-output>
  </reporter-output>
  <suite started-at="2026-02-21T12:07:40 IST" name="Suite" finished-at="2026-02-21T12:07:51 IST" duration-ms="11020">
    <groups>
    </groups>
    <test started-at="2026-02-21T12:07:40 IST" name="Test" finished-at="2026-02-21T12:07:51 IST" duration-ms="11020">
      <class name="mainrelated.MainClass">
        <test-method is-config="true" signature="init()[pri:0, instance:mainrelated.MainClass@5af3afd9]" started-at="2026-02-21T12:07:40 IST" name="init" finished-at="2026-02-21T12:07:44 IST" duration-ms="3316" status="PASS">
          <reporter-output>
          </reporter-output>
        </test-method> <!-- init -->
        <test-method signature="login()[pri:1, instance:mainrelated.MainClass@5af3afd9]" started-at="2026-02-21T12:07:44 IST" name="login" finished-at="2026-02-21T12:07:51 IST" duration-ms="7294" status="PASS">
          <reporter-output>
          </reporter-output>
        </test-method> <!-- login -->
        <test-method is-config="true" signature="teardown()[pri:0, instance:mainrelated.MainClass@5af3afd9]" started-at="2026-02-21T12:07:51 IST" name="teardown" finished-at="2026-02-21T12:07:51 IST" duration-ms="342" status="PASS">
          <reporter-output>
          </reporter-output>
        </test-method> <!-- teardown -->
      </class> <!-- mainrelated.MainClass -->
    </test> <!-- Test -->
  </suite> <!-- Suite -->
</testng-results>
