<?xml version="1.0" encoding="UTF-8"?>
<testng-results ignored="0" total="1" passed="1" failed="0" skipped="0">
  <reporter-output>
  </reporter-output>
  <suite started-at="2026-02-21T17:39:46 IST" name="Default suite" finished-at="2026-02-21T17:40:13 IST" duration-ms="26654">
    <groups>
    </groups>
    <test started-at="2026-02-21T17:39:46 IST" name="Default test" finished-at="2026-02-21T17:40:13 IST" duration-ms="26654">
      <class name="mainrelated.MainClass">
        <test-method is-config="true" signature="init()[pri:0, instance:mainrelated.MainClass@5af3afd9]" started-at="2026-02-21T17:39:46 IST" name="init" finished-at="2026-02-21T17:40:05 IST" duration-ms="18487" status="PASS">
          <reporter-output>
          </reporter-output>
        </test-method> <!-- init -->
        <test-method signature="login()[pri:1, instance:mainrelated.MainClass@5af3afd9]" started-at="2026-02-21T17:40:05 IST" name="login" finished-at="2026-02-21T17:40:12 IST" duration-ms="7759" status="PASS">
          <reporter-output>
          </reporter-output>
        </test-method> <!-- login -->
        <test-method is-config="true" signature="teardown()[pri:0, instance:mainrelated.MainClass@5af3afd9]" started-at="2026-02-21T17:40:12 IST" name="teardown" finished-at="2026-02-21T17:40:13 IST" duration-ms="326" status="PASS">
          <reporter-output>
          </reporter-output>
        </test-method> <!-- teardown -->
      </class> <!-- mainrelated.MainClass -->
    </test> <!-- Default test -->
  </suite> <!-- Default suite -->
</testng-results>
